2019/04/25 08:18:59 [error] [php] Missing argument 3 for CActiveForm::dropDownList(), called in F:\gsalon\gsalon\protected\views\project\adduser.php on line 24 and defined (F:\gsalon\framework\web\widgets\CActiveForm.php:583)
Stack trace:
#0 F:\gsalon\framework\web\CBaseController.php(88): ProjectController->renderInternal()
#1 F:\gsalon\framework\web\CController.php(833): ProjectController->renderFile()
#2 F:\gsalon\framework\web\CController.php(746): ProjectController->renderPartial()
#3 F:\gsalon\gsalon\protected\controllers\ProjectController.php(256): ProjectController->render()
#4 unknown(0): ProjectController->actionAdduser()
#5 F:\gsalon\framework\web\actions\CInlineAction.php(54): ReflectionMethod->invokeArgs()
#6 F:\gsalon\framework\web\CController.php(300): CInlineAction->run()
#7 F:\gsalon\framework\web\filters\CFilterChain.php(133): ProjectController->runAction()
#8 F:\gsalon\framework\web\filters\CFilter.php(41): CFilterChain->run()
#9 F:\gsalon\framework\web\CController.php(1084): CAccessControlFilter->filter()
#10 F:\gsalon\framework\web\filters\CInlineFilter.php(59): ProjectController->filterAccessControl()
#11 F:\gsalon\framework\web\filters\CFilterChain.php(130): CInlineFilter->filter()
#12 F:\gsalon\framework\web\CController.php(283): CFilterChain->run()
#13 F:\gsalon\framework\web\CController.php(257): ProjectController->runActionWithFilters()
#14 F:\gsalon\framework\web\CWebApplication.php(324): ProjectController->run()
#15 F:\gsalon\framework\web\CWebApplication.php(121): CWebApplication->runController()
#16 F:\gsalon\framework\base\CApplication.php(135): CWebApplication->processRequest()
#17 F:\gsalon\gsalon\index.php(13): CWebApplication->run()
REQUEST_URI=/gsalon/index.php?r=project/adduser&id=2
in F:\gsalon\gsalon\protected\views\project\adduser.php (24)
in F:\gsalon\gsalon\protected\controllers\ProjectController.php (256)
in F:\gsalon\gsalon\index.php (13)
2019/04/25 08:26:07 [error] [exception.CException] exception 'CException' with message 'Property "ProjectUserForm.getUserOptions" is not defined.' in F:\gsalon\framework\base\CComponent.php:131
Stack trace:
#0 F:\gsalon\framework\base\CComponent.php(264): CComponent->__get('getUserOptions')
#1 F:\gsalon\gsalon\protected\views\project\adduser.php(25): CComponent->__call('getUserOptions', Array)
#2 F:\gsalon\gsalon\protected\views\project\adduser.php(25): ProjectUserForm->getUserOptions()
#3 F:\gsalon\framework\web\CBaseController.php(119): require('F:\\gsalon\\gsalo...')
#4 F:\gsalon\framework\web\CBaseController.php(88): CBaseController->renderInternal('F:\\gsalon\\gsalo...', Array, true)
#5 F:\gsalon\framework\web\CController.php(833): CBaseController->renderFile('F:\\gsalon\\gsalo...', Array, true)
#6 F:\gsalon\framework\web\CController.php(746): CController->renderPartial('adduser', Array, true)
#7 F:\gsalon\gsalon\protected\controllers\ProjectController.php(256): CController->render('adduser', Array)
#8 [internal function]: ProjectController->actionAdduser('1')
#9 F:\gsalon\framework\web\actions\CInlineAction.php(54): ReflectionMethod->invokeArgs(Object(ProjectController), Array)
#10 F:\gsalon\framework\web\CController.php(300): CInlineAction->run()
#11 F:\gsalon\framework\web\filters\CFilterChain.php(133): CController->runAction(Object(CInlineAction))
#12 F:\gsalon\framework\web\filters\CFilter.php(41): CFilterChain->run()
#13 F:\gsalon\framework\web\CController.php(1084): CFilter->filter(Object(CFilterChain))
#14 F:\gsalon\framework\web\filters\CInlineFilter.php(59): CController->filterAccessControl(Object(CFilterChain))
#15 F:\gsalon\framework\web\filters\CFilterChain.php(130): CInlineFilter->filter(Object(CFilterChain))
#16 F:\gsalon\framework\web\CController.php(283): CFilterChain->run()
#17 F:\gsalon\framework\web\CController.php(257): CController->runActionWithFilters(Object(CInlineAction), Array)
#18 F:\gsalon\framework\web\CWebApplication.php(324): CController->run('adduser')
#19 F:\gsalon\framework\web\CWebApplication.php(121): CWebApplication->runController('project/adduser')
#20 F:\gsalon\framework\base\CApplication.php(135): CWebApplication->processRequest()
#21 F:\gsalon\gsalon\index.php(13): CApplication->run()
#22 {main} REQUEST_URI=/gsalon/index.php?r=project/adduser&id=1
2019/04/25 08:26:54 [error] [exception.CException] exception 'CException' with message 'Property "ProjectController.project" is not defined.' in F:\gsalon\framework\base\CComponent.php:131
Stack trace:
#0 F:\gsalon\gsalon\protected\views\project\adduser.php(25): CComponent->__get('project')
#1 F:\gsalon\framework\web\CBaseController.php(119): require('F:\\gsalon\\gsalo...')
#2 F:\gsalon\framework\web\CBaseController.php(88): CBaseController->renderInternal('F:\\gsalon\\gsalo...', Array, true)
#3 F:\gsalon\framework\web\CController.php(833): CBaseController->renderFile('F:\\gsalon\\gsalo...', Array, true)
#4 F:\gsalon\framework\web\CController.php(746): CController->renderPartial('adduser', Array, true)
#5 F:\gsalon\gsalon\protected\controllers\ProjectController.php(256): CController->render('adduser', Array)
#6 [internal function]: ProjectController->actionAdduser('1')
#7 F:\gsalon\framework\web\actions\CInlineAction.php(54): ReflectionMethod->invokeArgs(Object(ProjectController), Array)
#8 F:\gsalon\framework\web\CController.php(300): CInlineAction->run()
#9 F:\gsalon\framework\web\filters\CFilterChain.php(133): CController->runAction(Object(CInlineAction))
#10 F:\gsalon\framework\web\filters\CFilter.php(41): CFilterChain->run()
#11 F:\gsalon\framework\web\CController.php(1084): CFilter->filter(Object(CFilterChain))
#12 F:\gsalon\framework\web\filters\CInlineFilter.php(59): CController->filterAccessControl(Object(CFilterChain))
#13 F:\gsalon\framework\web\filters\CFilterChain.php(130): CInlineFilter->filter(Object(CFilterChain))
#14 F:\gsalon\framework\web\CController.php(283): CFilterChain->run()
#15 F:\gsalon\framework\web\CController.php(257): CController->runActionWithFilters(Object(CInlineAction), Array)
#16 F:\gsalon\framework\web\CWebApplication.php(324): CController->run('adduser')
#17 F:\gsalon\framework\web\CWebApplication.php(121): CWebApplication->runController('project/adduser')
#18 F:\gsalon\framework\base\CApplication.php(135): CWebApplication->processRequest()
#19 F:\gsalon\gsalon\index.php(13): CApplication->run()
#20 {main} REQUEST_URI=/gsalon/index.php?r=project/adduser&id=1
